[     265ms] [LOG] Angular is running in development mode. @ http://localhost:4200/@fs/C:/Marcos/Proyectos/Ignia/ignia/apps/frontend/.angular/cache/21.2.10/frontend/vite/deps/chunk-SUE7NH56.js?v=235c9d4a:11199
[ 1949602ms] [LOG] [vite] server connection lost. Polling for restart... @ http://localhost:4200/@vite/client:864
[ 1951141ms] [LOG] Angular is running in development mode. @ http://localhost:4200/@fs/C:/Marcos/Proyectos/BathKitchen/ba/.angular/cache/20.3.10/ba/vite/deps/chunk-NWDQPVGH.js?v=5c651d41:11944
[ 1951256ms] [VERBOSE] [DOM] Input elements should have autocomplete attributes (suggested: "current-password"): (More info: https://goo.gl/9p2vKq) %o @ http://localhost:4200/login:0
[ 3342516ms] [LOG] [vite] server connection lost. Polling for restart... @ http://localhost:4200/@vite/client:864
[ 3433055ms] [LOG] Angular is running in development mode. @ http://localhost:4200/@fs/C:/Marcos/Proyectos/Ignia/ignia/apps/frontend/.angular/cache/21.2.10/frontend/vite/deps/chunk-SUE7NH56.js?v=235c9d4a:11199
[ 3634142ms] [LOG] [vite] server connection lost. Polling for restart... @ http://localhost:4200/@vite/client:864
[ 3753901ms] [LOG] Angular is running in development mode. @ http://localhost:4200/@fs/C:/Marcos/Proyectos/Ignia/ignia/apps/frontend/.angular/cache/21.2.10/frontend/vite/deps/chunk-SUE7NH56.js?v=235c9d4a:11199
[ 4012755ms] [LOG] [vite] server connection lost. Polling for restart... @ http://localhost:4200/@vite/client:864
[ 4019612ms] [LOG] Angular is running in development mode. @ http://localhost:4200/@fs/C:/Marcos/Proyectos/Ignia/ignia/apps/frontend/.angular/cache/21.2.10/frontend/vite/deps/chunk-SUE7NH56.js?v=235c9d4a:11199
[ 4272413ms] [LOG] Angular is running in development mode. @ http://localhost:4200/@fs/C:/Marcos/Proyectos/Ignia/ignia/apps/frontend/.angular/cache/21.2.10/frontend/vite/deps/chunk-SUE7NH56.js?v=235c9d4a:11199
[ 4278624ms] [LOG] [vite] server connection lost. Polling for restart... @ http://localhost:4200/@vite/client:864
[ 4456400ms] [LOG] Angular is running in development mode. @ http://localhost:4200/@fs/C:/Marcos/Proyectos/Ignia/ignia/apps/frontend/.angular/cache/21.2.10/frontend/vite/deps/chunk-SUE7NH56.js?v=235c9d4a:11199
[ 4652821ms] [LOG] [vite] server connection lost. Polling for restart... @ http://localhost:4200/@vite/client:864
[ 4761797ms] [LOG] Angular is running in development mode. @ http://localhost:4200/@fs/C:/Marcos/Proyectos/Ignia/ignia/apps/frontend/.angular/cache/21.2.10/frontend/vite/deps/chunk-SUE7NH56.js?v=235c9d4a:11199
[ 5397679ms] [LOG] [vite] server connection lost. Polling for restart... @ http://localhost:4200/@vite/client:864
[ 5405561ms] [LOG] Angular is running in development mode. @ http://localhost:4200/@fs/C:/Marcos/Proyectos/Ignia/ignia/apps/frontend/.angular/cache/21.2.10/frontend/vite/deps/chunk-SUE7NH56.js?v=235c9d4a:11199
[ 5797031ms] [LOG] [vite] server connection lost. Polling for restart... @ http://localhost:4200/@vite/client:864
[ 6403377ms] [LOG] Angular is running in development mode. @ http://localhost:4200/@fs/C:/Marcos/Proyectos/Ignia/ignia/apps/frontend/.angular/cache/21.2.10/frontend/vite/deps/chunk-SUE7NH56.js?v=235c9d4a:11199
[ 6731305ms] [LOG] [vite] server connection lost. Polling for restart... @ http://localhost:4200/@vite/client:864
[32715333ms] [LOG] Angular is running in development mode. @ http://localhost:4200/@fs/C:/Marcos/Proyectos/Ignia/ignia/apps/frontend/.angular/cache/21.2.10/frontend/vite/deps/chunk-SUE7NH56.js?v=235c9d4a:11199
[32973062ms] [LOG] Angular is running in development mode. @ http://localhost:4200/@fs/C:/Marcos/Proyectos/Ignia/ignia/apps/frontend/.angular/cache/21.2.10/frontend/vite/deps/chunk-SUE7NH56.js?v=235c9d4a:11199
[32975643ms] [LOG] Angular is running in development mode. @ http://localhost:4200/@fs/C:/Marcos/Proyectos/Ignia/ignia/apps/frontend/.angular/cache/21.2.10/frontend/vite/deps/chunk-SUE7NH56.js?v=235c9d4a:11199
[33006777ms] [LOG] Angular is running in development mode. @ http://localhost:4200/@fs/C:/Marcos/Proyectos/Ignia/ignia/apps/frontend/.angular/cache/21.2.10/frontend/vite/deps/chunk-SUE7NH56.js?v=235c9d4a:11199
[33784642ms] [LOG] Angular is running in development mode. @ http://localhost:4200/@fs/C:/Marcos/Proyectos/Ignia/ignia/apps/frontend/.angular/cache/21.2.10/frontend/vite/deps/chunk-SUE7NH56.js?v=235c9d4a:11199
[34236696ms] [LOG] Angular is running in development mode. @ http://localhost:4200/@fs/C:/Marcos/Proyectos/Ignia/ignia/apps/frontend/.angular/cache/21.2.10/frontend/vite/deps/chunk-SUE7NH56.js?v=235c9d4a:11199
[34794199ms] [LOG] [vite] server connection lost. Polling for restart... @ http://localhost:4200/@vite/client:864
[34820023ms] [LOG] Angular is running in development mode. @ http://localhost:4200/@fs/C:/Marcos/Proyectos/Ignia/ignia/apps/frontend/.angular/cache/21.2.10/frontend/vite/deps/chunk-SUE7NH56.js?v=235c9d4a:11199
[35350170ms] [LOG] [vite] server connection lost. Polling for restart... @ http://localhost:4200/@vite/client:864
[35561083ms] [LOG] Angular is running in development mode. @ http://localhost:4200/@fs/C:/Marcos/Proyectos/Ignia/ignia/apps/frontend/.angular/cache/21.2.10/frontend/vite/deps/chunk-SUE7NH56.js?v=235c9d4a:11199
